[0.457s] DEBUG:colcon:Command line arguments: ['/usr/bin/colcon', 'build', '--symlink-install']
[0.457s] DEBUG:colcon:Parsed command line arguments: Namespace(log_base=None, log_level=None, verb_name='build', build_base='build', install_base='install', merge_install=False, symlink_install=True, test_result_base=None, continue_on_error=False, executor='parallel', parallel_workers=4, event_handlers=None, ignore_user_meta=False, metas=['./colcon.meta'], base_paths=['.'], packages_ignore=None, packages_ignore_regex=None, paths=None, packages_up_to=None, packages_up_to_regex=None, packages_above=None, packages_above_and_dependencies=None, packages_above_depth=None, packages_select_by_dep=None, packages_skip_by_dep=None, packages_skip_up_to=None, packages_select_build_failed=False, packages_skip_build_finished=False, packages_select_test_failures=False, packages_skip_test_passed=False, packages_select=None, packages_skip=None, packages_select_regex=None, packages_skip_regex=None, packages_start=None, packages_end=None, allow_overriding=[], cmake_args=None, cmake_target=None, cmake_target_skip_unavailable=False, cmake_clean_cache=False, cmake_clean_first=False, cmake_force_configure=False, ament_cmake_args=None, catkin_cmake_args=None, catkin_skip_building_tests=False, mixin_files=None, mixin=None, verb_parser=<colcon_mixin.mixin.mixin_argument.MixinArgumentDecorator object at 0xffffaf0c5ea0>, verb_extension=<colcon_core.verb.build.BuildVerb object at 0xffffaf26ee30>, main=<bound method BuildVerb.main of <colcon_core.verb.build.BuildVerb object at 0xffffaf26ee30>>, mixin_verb=('build',))
[1.296s] Level 1:colcon.colcon_core.package_discovery:discover_packages(colcon_meta) check parameters
[1.297s] Level 1:colcon.colcon_core.package_discovery:discover_packages(recursive) check parameters
[1.297s] Level 1:colcon.colcon_core.package_discovery:discover_packages(ignore) check parameters
[1.297s] Level 1:colcon.colcon_core.package_discovery:discover_packages(path) check parameters
[1.297s] Level 1:colcon.colcon_core.package_discovery:discover_packages(colcon_meta) discover
[1.297s] Level 1:colcon.colcon_core.package_discovery:discover_packages(recursive) discover
[1.297s] INFO:colcon.colcon_core.package_discovery:Crawling recursively for packages in '/home/ubuntu/workspace/frank-amr/ros2_ws'
[1.298s] Level 1:colcon.colcon_core.package_identification:_identify(.) by extensions ['ignore', 'ignore_ament_install']
[1.298s] Level 1:colcon.colcon_core.package_identification:_identify(.) by extension 'ignore'
[1.298s] Level 1:colcon.colcon_core.package_identification:_identify(.) by extension 'ignore_ament_install'
[1.299s] Level 1:colcon.colcon_core.package_identification:_identify(.) by extensions ['colcon_pkg']
[1.299s] Level 1:colcon.colcon_core.package_identification:_identify(.) by extension 'colcon_pkg'
[1.299s] Level 1:colcon.colcon_core.package_identification:_identify(.) by extensions ['colcon_meta']
[1.299s] Level 1:colcon.colcon_core.package_identification:_identify(.) by extension 'colcon_meta'
[1.299s] Level 1:colcon.colcon_core.package_identification:_identify(.) by extensions ['ros']
[1.299s] Level 1:colcon.colcon_core.package_identification:_identify(.) by extension 'ros'
[1.343s] Level 1:colcon.colcon_core.package_identification:_identify(.) by extensions ['cmake', 'python']
[1.343s] Level 1:colcon.colcon_core.package_identification:_identify(.) by extension 'cmake'
[1.344s] Level 1:colcon.colcon_core.package_identification:_identify(.) by extension 'python'
[1.344s] Level 1:colcon.colcon_core.package_identification:_identify(.) by extensions ['python_setup_py']
[1.344s] Level 1:colcon.colcon_core.package_identification:_identify(.) by extension 'python_setup_py'
[1.344s] Level 1:colcon.colcon_core.package_identification:_identify(build) by extensions ['ignore', 'ignore_ament_install']
[1.345s] Level 1:colcon.colcon_core.package_identification:_identify(build) by extension 'ignore'
[1.345s] Level 1:colcon.colcon_core.package_identification:_identify(build) ignored
[1.345s] Level 1:colcon.colcon_core.package_identification:_identify(install) by extensions ['ignore', 'ignore_ament_install']
[1.346s] Level 1:colcon.colcon_core.package_identification:_identify(install) by extension 'ignore'
[1.346s] Level 1:colcon.colcon_core.package_identification:_identify(install) ignored
[1.346s] Level 1:colcon.colcon_core.package_identification:_identify(log) by extensions ['ignore', 'ignore_ament_install']
[1.347s] Level 1:colcon.colcon_core.package_identification:_identify(log) by extension 'ignore'
[1.347s] Level 1:colcon.colcon_core.package_identification:_identify(log) ignored
[1.347s] Level 1:colcon.colcon_core.package_identification:_identify(src) by extensions ['ignore', 'ignore_ament_install']
[1.347s] Level 1:colcon.colcon_core.package_identification:_identify(src) by extension 'ignore'
[1.348s] Level 1:colcon.colcon_core.package_identification:_identify(src) by extension 'ignore_ament_install'
[1.348s] Level 1:colcon.colcon_core.package_identification:_identify(src) by extensions ['colcon_pkg']
[1.348s] Level 1:colcon.colcon_core.package_identification:_identify(src) by extension 'colcon_pkg'
[1.348s] Level 1:colcon.colcon_core.package_identification:_identify(src) by extensions ['colcon_meta']
[1.348s] Level 1:colcon.colcon_core.package_identification:_identify(src) by extension 'colcon_meta'
[1.349s] Level 1:colcon.colcon_core.package_identification:_identify(src) by extensions ['ros']
[1.349s] Level 1:colcon.colcon_core.package_identification:_identify(src) by extension 'ros'
[1.349s] Level 1:colcon.colcon_core.package_identification:_identify(src) by extensions ['cmake', 'python']
[1.349s] Level 1:colcon.colcon_core.package_identification:_identify(src) by extension 'cmake'
[1.349s] Level 1:colcon.colcon_core.package_identification:_identify(src) by extension 'python'
[1.350s] Level 1:colcon.colcon_core.package_identification:_identify(src) by extensions ['python_setup_py']
[1.350s] Level 1:colcon.colcon_core.package_identification:_identify(src) by extension 'python_setup_py'
[1.350s] Level 1:colcon.colcon_core.package_identification:_identify(src/sllidar_ros2) by extensions ['ignore', 'ignore_ament_install']
[1.350s] Level 1:colcon.colcon_core.package_identification:_identify(src/sllidar_ros2) by extension 'ignore'
[1.351s] Level 1:colcon.colcon_core.package_identification:_identify(src/sllidar_ros2) by extension 'ignore_ament_install'
[1.351s] Level 1:colcon.colcon_core.package_identification:_identify(src/sllidar_ros2) by extensions ['colcon_pkg']
[1.351s] Level 1:colcon.colcon_core.package_identification:_identify(src/sllidar_ros2) by extension 'colcon_pkg'
[1.351s] Level 1:colcon.colcon_core.package_identification:_identify(src/sllidar_ros2) by extensions ['colcon_meta']
[1.351s] Level 1:colcon.colcon_core.package_identification:_identify(src/sllidar_ros2) by extension 'colcon_meta'
[1.351s] Level 1:colcon.colcon_core.package_identification:_identify(src/sllidar_ros2) by extensions ['ros']
[1.352s] Level 1:colcon.colcon_core.package_identification:_identify(src/sllidar_ros2) by extension 'ros'
[1.375s] DEBUG:colcon.colcon_core.package_identification:Package 'src/sllidar_ros2' with type 'ros.ament_cmake' and name 'sllidar_ros2'
[1.376s] Level 1:colcon.colcon_core.package_discovery:discover_packages(recursive) using defaults
[1.376s] Level 1:colcon.colcon_core.package_discovery:discover_packages(ignore) discover
[1.376s] Level 1:colcon.colcon_core.package_discovery:discover_packages(ignore) using defaults
[1.376s] Level 1:colcon.colcon_core.package_discovery:discover_packages(path) discover
[1.376s] Level 1:colcon.colcon_core.package_discovery:discover_packages(path) using defaults
[1.491s] Level 1:colcon.colcon_core.package_discovery:discover_packages(prefix_path) check parameters
[1.492s] Level 1:colcon.colcon_core.package_discovery:discover_packages(prefix_path) discover
[1.499s] DEBUG:colcon.colcon_installed_package_information.package_discovery:Found 0 installed packages in /home/ubuntu/workspace/frank-amr/projfinal/install
[1.509s] DEBUG:colcon.colcon_installed_package_information.package_discovery:Found 320 installed packages in /opt/ros/humble
[1.517s] Level 1:colcon.colcon_core.package_discovery:discover_packages(prefix_path) using defaults
[1.706s] Level 5:colcon.colcon_core.verb:set package 'sllidar_ros2' build argument 'cmake_args' from command line to 'None'
[1.707s] Level 5:colcon.colcon_core.verb:set package 'sllidar_ros2' build argument 'cmake_target' from command line to 'None'
[1.707s] Level 5:colcon.colcon_core.verb:set package 'sllidar_ros2' build argument 'cmake_target_skip_unavailable' from command line to 'False'
[1.707s] Level 5:colcon.colcon_core.verb:set package 'sllidar_ros2' build argument 'cmake_clean_cache' from command line to 'False'
[1.707s] Level 5:colcon.colcon_core.verb:set package 'sllidar_ros2' build argument 'cmake_clean_first' from command line to 'False'
[1.707s] Level 5:colcon.colcon_core.verb:set package 'sllidar_ros2' build argument 'cmake_force_configure' from command line to 'False'
[1.707s] Level 5:colcon.colcon_core.verb:set package 'sllidar_ros2' build argument 'ament_cmake_args' from command line to 'None'
[1.707s] Level 5:colcon.colcon_core.verb:set package 'sllidar_ros2' build argument 'catkin_cmake_args' from command line to 'None'
[1.707s] Level 5:colcon.colcon_core.verb:set package 'sllidar_ros2' build argument 'catkin_skip_building_tests' from command line to 'False'
[1.708s] DEBUG:colcon.colcon_core.verb:Building package 'sllidar_ros2' with the following arguments: {'ament_cmake_args': None, 'build_base': '/home/ubuntu/workspace/frank-amr/ros2_ws/build/sllidar_ros2', 'catkin_cmake_args': None, 'catkin_skip_building_tests': False, 'cmake_args': None, 'cmake_clean_cache': False, 'cmake_clean_first': False, 'cmake_force_configure': False, 'cmake_target': None, 'cmake_target_skip_unavailable': False, 'install_base': '/home/ubuntu/workspace/frank-amr/ros2_ws/install/sllidar_ros2', 'merge_install': False, 'path': '/home/ubuntu/workspace/frank-amr/ros2_ws/src/sllidar_ros2', 'symlink_install': True, 'test_result_base': None}
[1.708s] INFO:colcon.colcon_core.executor:Executing jobs using 'parallel' executor
[1.711s] DEBUG:colcon.colcon_parallel_executor.executor.parallel:run_until_complete
[1.712s] INFO:colcon.colcon_ros.task.ament_cmake.build:Building ROS package in '/home/ubuntu/workspace/frank-amr/ros2_ws/src/sllidar_ros2' with build type 'ament_cmake'
[1.712s] INFO:colcon.colcon_cmake.task.cmake.build:Building CMake package in '/home/ubuntu/workspace/frank-amr/ros2_ws/src/sllidar_ros2'
[1.721s] INFO:colcon.colcon_core.plugin_system:Skipping extension 'colcon_core.shell.bat': Not used on non-Windows systems
[1.722s] INFO:colcon.colcon_core.shell:Skip shell extension 'powershell' for command environment: Not usable outside of PowerShell
[1.722s] DEBUG:colcon.colcon_core.shell:Skip shell extension 'dsv' for command environment
[1.787s] DEBUG:colcon.colcon_core.event_handler.log_command:Invoking command in '/home/ubuntu/workspace/frank-amr/ros2_ws/build/sllidar_ros2': CMAKE_PREFIX_PATH=/opt/ros/humble /usr/bin/cmake /home/ubuntu/workspace/frank-amr/ros2_ws/src/sllidar_ros2 -DAMENT_CMAKE_SYMLINK_INSTALL=1 -DCMAKE_INSTALL_PREFIX=/home/ubuntu/workspace/frank-amr/ros2_ws/install/sllidar_ros2
[14.025s] DEBUG:colcon.colcon_core.event_handler.log_command:Invoked command in '/home/ubuntu/workspace/frank-amr/ros2_ws/build/sllidar_ros2' returned '0': CMAKE_PREFIX_PATH=/opt/ros/humble /usr/bin/cmake /home/ubuntu/workspace/frank-amr/ros2_ws/src/sllidar_ros2 -DAMENT_CMAKE_SYMLINK_INSTALL=1 -DCMAKE_INSTALL_PREFIX=/home/ubuntu/workspace/frank-amr/ros2_ws/install/sllidar_ros2
[14.039s] DEBUG:colcon.colcon_core.event_handler.log_command:Invoking command in '/home/ubuntu/workspace/frank-amr/ros2_ws/build/sllidar_ros2': CMAKE_PREFIX_PATH=/opt/ros/humble /usr/bin/cmake --build /home/ubuntu/workspace/frank-amr/ros2_ws/build/sllidar_ros2 -- -j4 -l4
[63.641s] DEBUG:colcon.colcon_core.event_handler.log_command:Invoked command in '/home/ubuntu/workspace/frank-amr/ros2_ws/build/sllidar_ros2' returned '0': CMAKE_PREFIX_PATH=/opt/ros/humble /usr/bin/cmake --build /home/ubuntu/workspace/frank-amr/ros2_ws/build/sllidar_ros2 -- -j4 -l4
[63.701s] DEBUG:colcon.colcon_core.event_handler.log_command:Invoking command in '/home/ubuntu/workspace/frank-amr/ros2_ws/build/sllidar_ros2': CMAKE_PREFIX_PATH=/opt/ros/humble /usr/bin/cmake --install /home/ubuntu/workspace/frank-amr/ros2_ws/build/sllidar_ros2
[65.190s] Level 1:colcon.colcon_core.environment:create_environment_scripts_only(sllidar_ros2)
[65.192s] DEBUG:colcon.colcon_core.event_handler.log_command:Invoked command in '/home/ubuntu/workspace/frank-amr/ros2_ws/build/sllidar_ros2' returned '0': CMAKE_PREFIX_PATH=/opt/ros/humble /usr/bin/cmake --install /home/ubuntu/workspace/frank-amr/ros2_ws/build/sllidar_ros2
[65.230s] Level 1:colcon.colcon_core.environment:checking '/home/ubuntu/workspace/frank-amr/ros2_ws/install/sllidar_ros2' for CMake module files
[65.234s] Level 1:colcon.colcon_core.environment:checking '/home/ubuntu/workspace/frank-amr/ros2_ws/install/sllidar_ros2' for CMake config files
[65.236s] Level 1:colcon.colcon_core.shell:create_environment_hook('sllidar_ros2', 'cmake_prefix_path')
[65.238s] INFO:colcon.colcon_core.shell:Creating environment hook '/home/ubuntu/workspace/frank-amr/ros2_ws/install/sllidar_ros2/share/sllidar_ros2/hook/cmake_prefix_path.ps1'
[65.250s] INFO:colcon.colcon_core.shell:Creating environment descriptor '/home/ubuntu/workspace/frank-amr/ros2_ws/install/sllidar_ros2/share/sllidar_ros2/hook/cmake_prefix_path.dsv'
[65.254s] INFO:colcon.colcon_core.shell:Creating environment hook '/home/ubuntu/workspace/frank-amr/ros2_ws/install/sllidar_ros2/share/sllidar_ros2/hook/cmake_prefix_path.sh'
[65.261s] Level 1:colcon.colcon_core.environment:checking '/home/ubuntu/workspace/frank-amr/ros2_ws/install/sllidar_ros2/lib'
[65.263s] Level 1:colcon.colcon_core.environment:checking '/home/ubuntu/workspace/frank-amr/ros2_ws/install/sllidar_ros2/bin'
[65.263s] Level 1:colcon.colcon_core.environment:checking '/home/ubuntu/workspace/frank-amr/ros2_ws/install/sllidar_ros2/lib/pkgconfig/sllidar_ros2.pc'
[65.264s] Level 1:colcon.colcon_core.environment:checking '/home/ubuntu/workspace/frank-amr/ros2_ws/install/sllidar_ros2/lib/python3.10/site-packages'
[65.266s] Level 1:colcon.colcon_core.environment:checking '/home/ubuntu/workspace/frank-amr/ros2_ws/install/sllidar_ros2/bin'
[65.268s] INFO:colcon.colcon_core.shell:Creating package script '/home/ubuntu/workspace/frank-amr/ros2_ws/install/sllidar_ros2/share/sllidar_ros2/package.ps1'
[65.273s] INFO:colcon.colcon_core.shell:Creating package descriptor '/home/ubuntu/workspace/frank-amr/ros2_ws/install/sllidar_ros2/share/sllidar_ros2/package.dsv'
[65.278s] INFO:colcon.colcon_core.shell:Creating package script '/home/ubuntu/workspace/frank-amr/ros2_ws/install/sllidar_ros2/share/sllidar_ros2/package.sh'
[65.283s] INFO:colcon.colcon_core.shell:Creating package script '/home/ubuntu/workspace/frank-amr/ros2_ws/install/sllidar_ros2/share/sllidar_ros2/package.bash'
[65.288s] INFO:colcon.colcon_core.shell:Creating package script '/home/ubuntu/workspace/frank-amr/ros2_ws/install/sllidar_ros2/share/sllidar_ros2/package.zsh'
[65.293s] Level 1:colcon.colcon_core.environment:create_file_with_runtime_dependencies(/home/ubuntu/workspace/frank-amr/ros2_ws/install/sllidar_ros2/share/colcon-core/packages/sllidar_ros2)
[65.298s] Level 1:colcon.colcon_core.environment:create_environment_scripts_only(sllidar_ros2)
[65.299s] Level 1:colcon.colcon_core.environment:checking '/home/ubuntu/workspace/frank-amr/ros2_ws/install/sllidar_ros2' for CMake module files
[65.303s] Level 1:colcon.colcon_core.environment:checking '/home/ubuntu/workspace/frank-amr/ros2_ws/install/sllidar_ros2' for CMake config files
[65.305s] Level 1:colcon.colcon_core.shell:create_environment_hook('sllidar_ros2', 'cmake_prefix_path')
[65.306s] INFO:colcon.colcon_core.shell:Creating environment hook '/home/ubuntu/workspace/frank-amr/ros2_ws/install/sllidar_ros2/share/sllidar_ros2/hook/cmake_prefix_path.ps1'
[65.309s] INFO:colcon.colcon_core.shell:Creating environment descriptor '/home/ubuntu/workspace/frank-amr/ros2_ws/install/sllidar_ros2/share/sllidar_ros2/hook/cmake_prefix_path.dsv'
[65.310s] INFO:colcon.colcon_core.shell:Creating environment hook '/home/ubuntu/workspace/frank-amr/ros2_ws/install/sllidar_ros2/share/sllidar_ros2/hook/cmake_prefix_path.sh'
[65.313s] Level 1:colcon.colcon_core.environment:checking '/home/ubuntu/workspace/frank-amr/ros2_ws/install/sllidar_ros2/lib'
[65.314s] Level 1:colcon.colcon_core.environment:checking '/home/ubuntu/workspace/frank-amr/ros2_ws/install/sllidar_ros2/bin'
[65.314s] Level 1:colcon.colcon_core.environment:checking '/home/ubuntu/workspace/frank-amr/ros2_ws/install/sllidar_ros2/lib/pkgconfig/sllidar_ros2.pc'
[65.315s] Level 1:colcon.colcon_core.environment:checking '/home/ubuntu/workspace/frank-amr/ros2_ws/install/sllidar_ros2/lib/python3.10/site-packages'
[65.317s] Level 1:colcon.colcon_core.environment:checking '/home/ubuntu/workspace/frank-amr/ros2_ws/install/sllidar_ros2/bin'
[65.318s] INFO:colcon.colcon_core.shell:Creating package script '/home/ubuntu/workspace/frank-amr/ros2_ws/install/sllidar_ros2/share/sllidar_ros2/package.ps1'
[65.320s] INFO:colcon.colcon_core.shell:Creating package descriptor '/home/ubuntu/workspace/frank-amr/ros2_ws/install/sllidar_ros2/share/sllidar_ros2/package.dsv'
[65.323s] INFO:colcon.colcon_core.shell:Creating package script '/home/ubuntu/workspace/frank-amr/ros2_ws/install/sllidar_ros2/share/sllidar_ros2/package.sh'
[65.325s] INFO:colcon.colcon_core.shell:Creating package script '/home/ubuntu/workspace/frank-amr/ros2_ws/install/sllidar_ros2/share/sllidar_ros2/package.bash'
[65.328s] INFO:colcon.colcon_core.shell:Creating package script '/home/ubuntu/workspace/frank-amr/ros2_ws/install/sllidar_ros2/share/sllidar_ros2/package.zsh'
[65.330s] Level 1:colcon.colcon_core.environment:create_file_with_runtime_dependencies(/home/ubuntu/workspace/frank-amr/ros2_ws/install/sllidar_ros2/share/colcon-core/packages/sllidar_ros2)
[65.331s] DEBUG:colcon.colcon_parallel_executor.executor.parallel:closing loop
[65.334s] DEBUG:colcon.colcon_parallel_executor.executor.parallel:loop closed
[65.334s] DEBUG:colcon.colcon_parallel_executor.executor.parallel:run_until_complete finished with '0'
[65.335s] DEBUG:colcon.colcon_core.event_reactor:joining thread
[65.411s] INFO:colcon.colcon_core.plugin_system:Skipping extension 'colcon_notification.desktop_notification.terminal_notifier': Not used on non-Darwin systems
[65.412s] INFO:colcon.colcon_core.plugin_system:Skipping extension 'colcon_notification.desktop_notification.win32': Not used on non-Windows systems
[65.413s] INFO:colcon.colcon_notification.desktop_notification:Sending desktop notification using 'notify2'
[65.443s] DEBUG:colcon.colcon_core.event_reactor:joined thread
[65.445s] INFO:colcon.colcon_core.shell:Creating prefix script '/home/ubuntu/workspace/frank-amr/ros2_ws/install/local_setup.ps1'
[65.450s] INFO:colcon.colcon_core.shell:Creating prefix util module '/home/ubuntu/workspace/frank-amr/ros2_ws/install/_local_setup_util_ps1.py'
[65.458s] INFO:colcon.colcon_core.shell:Creating prefix chain script '/home/ubuntu/workspace/frank-amr/ros2_ws/install/setup.ps1'
[65.466s] INFO:colcon.colcon_core.shell:Creating prefix script '/home/ubuntu/workspace/frank-amr/ros2_ws/install/local_setup.sh'
[65.469s] INFO:colcon.colcon_core.shell:Creating prefix util module '/home/ubuntu/workspace/frank-amr/ros2_ws/install/_local_setup_util_sh.py'
[65.472s] INFO:colcon.colcon_core.shell:Creating prefix chain script '/home/ubuntu/workspace/frank-amr/ros2_ws/install/setup.sh'
[65.477s] INFO:colcon.colcon_core.shell:Creating prefix script '/home/ubuntu/workspace/frank-amr/ros2_ws/install/local_setup.bash'
[65.480s] INFO:colcon.colcon_core.shell:Creating prefix chain script '/home/ubuntu/workspace/frank-amr/ros2_ws/install/setup.bash'
[65.484s] INFO:colcon.colcon_core.shell:Creating prefix script '/home/ubuntu/workspace/frank-amr/ros2_ws/install/local_setup.zsh'
[65.487s] INFO:colcon.colcon_core.shell:Creating prefix chain script '/home/ubuntu/workspace/frank-amr/ros2_ws/install/setup.zsh'
