[0.060s] Invoking command in '/home/ubuntu/workspace/frank-amr/ros2_ws/build/sllidar_ros2': CMAKE_PREFIX_PATH=/opt/ros/humble /usr/bin/cmake --build /home/ubuntu/workspace/frank-amr/ros2_ws/build/sllidar_ros2 -- -j4 -l4
[0.261s] [35m[1mConsolidate compiler generated dependencies of target sllidar_client[0m
[0.262s] [35m[1mConsolidate compiler generated dependencies of target sllidar_node[0m
[0.369s] [ 10%] Built target sllidar_client
[0.451s] [100%] Built target sllidar_node
[0.493s] Invoked command in '/home/ubuntu/workspace/frank-amr/ros2_ws/build/sllidar_ros2' returned '0': CMAKE_PREFIX_PATH=/opt/ros/humble /usr/bin/cmake --build /home/ubuntu/workspace/frank-amr/ros2_ws/build/sllidar_ros2 -- -j4 -l4
[0.532s] Invoking command in '/home/ubuntu/workspace/frank-amr/ros2_ws/build/sllidar_ros2': CMAKE_PREFIX_PATH=/opt/ros/humble /usr/bin/cmake --install /home/ubuntu/workspace/frank-amr/ros2_ws/build/sllidar_ros2
[0.559s] -- Install configuration: ""
[0.560s] -- Execute custom install script
[0.572s] -- Up-to-date symlink: /home/ubuntu/workspace/frank-amr/ros2_ws/install/sllidar_ros2/share/sllidar_ros2/launch/sllidar_a1_launch.py
[0.572s] -- Up-to-date symlink: /home/ubuntu/workspace/frank-amr/ros2_ws/install/sllidar_ros2/share/sllidar_ros2/launch/sllidar_a2m12_launch .py
[0.573s] -- Up-to-date symlink: /home/ubuntu/workspace/frank-amr/ros2_ws/install/sllidar_ros2/share/sllidar_ros2/launch/sllidar_a2m7_launch.py
[0.573s] -- Up-to-date symlink: /home/ubuntu/workspace/frank-amr/ros2_ws/install/sllidar_ros2/share/sllidar_ros2/launch/sllidar_a2m8_launch.py
[0.573s] -- Up-to-date symlink: /home/ubuntu/workspace/frank-amr/ros2_ws/install/sllidar_ros2/share/sllidar_ros2/launch/sllidar_a3_launch.py
[0.574s] -- Up-to-date symlink: /home/ubuntu/workspace/frank-amr/ros2_ws/install/sllidar_ros2/share/sllidar_ros2/launch/sllidar_c1_launch.py
[0.574s] -- Up-to-date symlink: /home/ubuntu/workspace/frank-amr/ros2_ws/install/sllidar_ros2/share/sllidar_ros2/launch/sllidar_s1_launch.py
[0.575s] -- Up-to-date symlink: /home/ubuntu/workspace/frank-amr/ros2_ws/install/sllidar_ros2/share/sllidar_ros2/launch/sllidar_s1_tcp_launch.py
[0.575s] -- Up-to-date symlink: /home/ubuntu/workspace/frank-amr/ros2_ws/install/sllidar_ros2/share/sllidar_ros2/launch/sllidar_s2_launch.py
[0.575s] -- Up-to-date symlink: /home/ubuntu/workspace/frank-amr/ros2_ws/install/sllidar_ros2/share/sllidar_ros2/launch/sllidar_s2e_launch.py
[0.576s] -- Up-to-date symlink: /home/ubuntu/workspace/frank-amr/ros2_ws/install/sllidar_ros2/share/sllidar_ros2/launch/sllidar_s3_launch.py
[0.576s] -- Up-to-date symlink: /home/ubuntu/workspace/frank-amr/ros2_ws/install/sllidar_ros2/share/sllidar_ros2/launch/sllidar_t1_launch.py
[0.577s] -- Up-to-date symlink: /home/ubuntu/workspace/frank-amr/ros2_ws/install/sllidar_ros2/share/sllidar_ros2/launch/view_sllidar_a1_launch.py
[0.577s] -- Up-to-date symlink: /home/ubuntu/workspace/frank-amr/ros2_ws/install/sllidar_ros2/share/sllidar_ros2/launch/view_sllidar_a2m12_launch.py
[0.577s] -- Up-to-date symlink: /home/ubuntu/workspace/frank-amr/ros2_ws/install/sllidar_ros2/share/sllidar_ros2/launch/view_sllidar_a2m7_launch.py
[0.578s] -- Up-to-date symlink: /home/ubuntu/workspace/frank-amr/ros2_ws/install/sllidar_ros2/share/sllidar_ros2/launch/view_sllidar_a2m8_launch.py
[0.578s] -- Up-to-date symlink: /home/ubuntu/workspace/frank-amr/ros2_ws/install/sllidar_ros2/share/sllidar_ros2/launch/view_sllidar_a3_launch.py
[0.579s] -- Up-to-date symlink: /home/ubuntu/workspace/frank-amr/ros2_ws/install/sllidar_ros2/share/sllidar_ros2/launch/view_sllidar_c1_launch.py
[0.580s] -- Up-to-date symlink: /home/ubuntu/workspace/frank-amr/ros2_ws/install/sllidar_ros2/share/sllidar_ros2/launch/view_sllidar_s1_launch.py
[0.581s] -- Up-to-date symlink: /home/ubuntu/workspace/frank-amr/ros2_ws/install/sllidar_ros2/share/sllidar_ros2/launch/view_sllidar_s1_tcp_launch.py
[0.582s] -- Up-to-date symlink: /home/ubuntu/workspace/frank-amr/ros2_ws/install/sllidar_ros2/share/sllidar_ros2/launch/view_sllidar_s2_launch.py
[0.583s] -- Up-to-date symlink: /home/ubuntu/workspace/frank-amr/ros2_ws/install/sllidar_ros2/share/sllidar_ros2/launch/view_sllidar_s2e_launch.py
[0.584s] -- Up-to-date symlink: /home/ubuntu/workspace/frank-amr/ros2_ws/install/sllidar_ros2/share/sllidar_ros2/launch/view_sllidar_s3_launch.py
[0.585s] -- Up-to-date symlink: /home/ubuntu/workspace/frank-amr/ros2_ws/install/sllidar_ros2/share/sllidar_ros2/launch/view_sllidar_t1_launch.py
[0.586s] -- Up-to-date symlink: /home/ubuntu/workspace/frank-amr/ros2_ws/install/sllidar_ros2/share/sllidar_ros2/rviz/sllidar_ros2.rviz
[0.588s] -- Up-to-date symlink: /home/ubuntu/workspace/frank-amr/ros2_ws/install/sllidar_ros2/lib/sllidar_ros2/sllidar_node
[0.589s] -- Up-to-date symlink: /home/ubuntu/workspace/frank-amr/ros2_ws/install/sllidar_ros2/lib/sllidar_ros2/sllidar_client
[0.590s] -- Up-to-date symlink: /home/ubuntu/workspace/frank-amr/ros2_ws/install/sllidar_ros2/share/ament_index/resource_index/package_run_dependencies/sllidar_ros2
[0.591s] -- Up-to-date symlink: /home/ubuntu/workspace/frank-amr/ros2_ws/install/sllidar_ros2/share/ament_index/resource_index/parent_prefix_path/sllidar_ros2
[0.592s] -- Up-to-date symlink: /home/ubuntu/workspace/frank-amr/ros2_ws/install/sllidar_ros2/share/sllidar_ros2/environment/ament_prefix_path.sh
[0.593s] -- Up-to-date symlink: /home/ubuntu/workspace/frank-amr/ros2_ws/install/sllidar_ros2/share/sllidar_ros2/environment/ament_prefix_path.dsv
[0.594s] -- Up-to-date symlink: /home/ubuntu/workspace/frank-amr/ros2_ws/install/sllidar_ros2/share/sllidar_ros2/environment/path.sh
[0.595s] -- Up-to-date symlink: /home/ubuntu/workspace/frank-amr/ros2_ws/install/sllidar_ros2/share/sllidar_ros2/environment/path.dsv
[0.597s] -- Up-to-date symlink: /home/ubuntu/workspace/frank-amr/ros2_ws/install/sllidar_ros2/share/sllidar_ros2/local_setup.bash
[0.598s] -- Up-to-date symlink: /home/ubuntu/workspace/frank-amr/ros2_ws/install/sllidar_ros2/share/sllidar_ros2/local_setup.sh
[0.599s] -- Up-to-date symlink: /home/ubuntu/workspace/frank-amr/ros2_ws/install/sllidar_ros2/share/sllidar_ros2/local_setup.zsh
[0.600s] -- Up-to-date symlink: /home/ubuntu/workspace/frank-amr/ros2_ws/install/sllidar_ros2/share/sllidar_ros2/local_setup.dsv
[0.600s] -- Symlinking: /home/ubuntu/workspace/frank-amr/ros2_ws/install/sllidar_ros2/share/sllidar_ros2/package.dsv
[0.640s] -- Up-to-date symlink: /home/ubuntu/workspace/frank-amr/ros2_ws/install/sllidar_ros2/share/ament_index/resource_index/packages/sllidar_ros2
[0.641s] -- Up-to-date symlink: /home/ubuntu/workspace/frank-amr/ros2_ws/install/sllidar_ros2/share/sllidar_ros2/cmake/ament_cmake_export_dependencies-extras.cmake
[0.642s] -- Up-to-date symlink: /home/ubuntu/workspace/frank-amr/ros2_ws/install/sllidar_ros2/share/sllidar_ros2/cmake/ament_cmake_export_include_directories-extras.cmake
[0.643s] -- Up-to-date symlink: /home/ubuntu/workspace/frank-amr/ros2_ws/install/sllidar_ros2/share/sllidar_ros2/cmake/sllidar_ros2Config.cmake
[0.644s] -- Up-to-date symlink: /home/ubuntu/workspace/frank-amr/ros2_ws/install/sllidar_ros2/share/sllidar_ros2/cmake/sllidar_ros2Config-version.cmake
[0.645s] -- Up-to-date symlink: /home/ubuntu/workspace/frank-amr/ros2_ws/install/sllidar_ros2/share/sllidar_ros2/package.xml
[0.651s] Invoked command in '/home/ubuntu/workspace/frank-amr/ros2_ws/build/sllidar_ros2' returned '0': CMAKE_PREFIX_PATH=/opt/ros/humble /usr/bin/cmake --install /home/ubuntu/workspace/frank-amr/ros2_ws/build/sllidar_ros2
